Using pre-set license
Built from '2020.3/staging' branch; Version is '2020.3.30f1 (1fb1bf06830e) revision 2077119'; Using compiler version '192528614'; Build Type 'Release'
OS: 'Windows 10  (10.0.19041) 64bit Core' Language: 'zh' Physical Memory: 7919 MB
BatchMode: 1, IsHumanControllingUs: 0, StartBugReporterOnCrash: 0, Is64bit: 1, IsPro: 0

COMMAND LINE ARGUMENTS:
D:\Unity\2020.3.30f1\Editor\Unity.exe
-adb2
-batchMode
-noUpm
-name
AssetImportWorker0
-projectPath
D:/Unity/Project/Food-In-Space
-logFile
Logs/AssetImportWorker0.log
-srvPort
58309
Successfully changed project path to: D:/Unity/Project/Food-In-Space
D:/Unity/Project/Food-In-Space
Using Asset Import Pipeline V2.
Refreshing native plugins compatible for Editor in 72.25 ms, found 12 plugins.
Preloading 2 native plugins for Editor in 3.54 ms.
Initialize engine version: 2020.3.30f1 (1fb1bf06830e)
[Subsystems] Discovering subsystems at path D:/Unity/2020.3.30f1/Editor/Data/Resources/UnitySubsystems
[Subsystems] Discovering subsystems at path D:/Unity/Project/Food-In-Space/Assets
GfxDevice: creating device client; threaded=0
Direct3D:
    Version:  Direct3D 11.0 [level 11.1]
    Renderer: Intel(R) Iris(TM) Plus Graphics 640 (ID=0x5926)
    Vendor:   
    VRAM:     3959 MB
    Driver:   22.20.16.4771
Initialize mono
Mono path[0] = 'D:/Unity/2020.3.30f1/Editor/Data/Managed'
Mono path[1] = 'D:/Unity/2020.3.30f1/Editor/Data/MonoBleedingEdge/lib/mono/unityjit'
Mono config path = 'D:/Unity/2020.3.30f1/Editor/Data/MonoBleedingEdge/etc'
Using monoOptions --debugger-agent=transport=dt_socket,embedding=1,server=y,suspend=n,address=127.0.0.1:56380
Begin MonoManager ReloadAssembly
Registering precompiled unity dll's ...
Register platform support module: D:/Unity/2020.3.30f1/Editor/Data/PlaybackEngines/WindowsStandaloneSupport/UnityEditor.WindowsStandalone.Extensions.dll
Registered in 0.001322 seconds.
Native extension for WindowsStandalone target not found
Refreshing native plugins compatible for Editor in 60.07 ms, found 12 plugins.
Preloading 2 native plugins for Editor in 0.10 ms.
Mono: successfully reloaded assembly
- Completed reload, in  0.660 seconds
Domain Reload Profiling:
	ReloadAssembly (661ms)
		BeginReloadAssembly (65ms)
			ExecutionOrderSort (0ms)
			DisableScriptedObjects (0ms)
			BackupInstance (0ms)
			ReleaseScriptingObjects (0ms)
			CreateAndSetChildDomain (1ms)
		EndReloadAssembly (520ms)
			LoadAssemblies (64ms)
			RebuildTransferFunctionScriptingTraits (0ms)
			SetupTypeCache (185ms)
			ReleaseScriptCaches (0ms)
			RebuildScriptCaches (35ms)
			SetupLoadedEditorAssemblies (194ms)
				LogAssemblyErrors (0ms)
				InitializePlatformSupportModulesInManaged (5ms)
				SetLoadedEditorAssemblies (0ms)
				RefreshPlugins (60ms)
				BeforeProcessingInitializeOnLoad (8ms)
				ProcessInitializeOnLoadAttributes (90ms)
				ProcessInitializeOnLoadMethodAttributes (32ms)
				AfterProcessingInitializeOnLoad (0ms)
				EditorAssembliesLoaded (0ms)
			ExecutionOrderSort2 (0ms)
			AwakeInstancesAfterBackupRestoration (0ms)
Platform modules already initialized, skipping
Registering precompiled user dll's ...
Registered in 0.006532 seconds.
Begin MonoManager ReloadAssembly
Native extension for WindowsStandalone target not found
Refreshing native plugins compatible for Editor in 59.73 ms, found 12 plugins.
Preloading 2 native plugins for Editor in 0.11 ms.
[XR] OculusXRPlugin: registering subsystems
[XR] Unable to register display lifecyle provider: [1]
[XR] Oculus Input lifecycle provider registered.
[XR] Unable to register input lifecyle provider: [1]
System.Reflection.TargetInvocationException: Exception has been thrown by the target of an invocation. ---> System.NullReferenceException: Object reference not set to an instance of an object
  at Unity.XR.Oculus.OculusLoader.AssetPathToAbsolutePath (System.String assetPath) [0x00048] in C:\Users\Chip\UnityProjects\ProgrammingProject\Library\PackageCache\com.unity.xr.oculus@1.11.2\Runtime\OculusLoader.cs:250 
  at Unity.XR.Oculus.OculusLoader.EditorLoadOVRPlugin () [0x0007b] in C:\Users\Chip\UnityProjects\ProgrammingProject\Library\PackageCache\com.unity.xr.oculus@1.11.2\Runtime\OculusLoader.cs:235 
  at (wrapper managed-to-native) System.Reflection.MonoMethod.InternalInvoke(System.Reflection.MonoMethod,object,object[],System.Exception&)
  at System.Reflection.MonoMethod.Invoke (System.Object obj, System.Reflection.BindingFlags invokeAttr, System.Reflection.Binder binder, System.Object[] parameters, System.Globalization.CultureInfo culture) [0x00032] in <695d1cc93cca45069c528c15c9fdd749>:0 
   --- End of inner exception stack trace ---
  at System.Reflection.MonoMethod.Invoke (System.Object obj, System.Reflection.BindingFlags invokeAttr, System.Reflection.Binder binder, System.Object[] parameters, System.Globalization.CultureInfo culture) [0x00048] in <695d1cc93cca45069c528c15c9fdd749>:0 
  at System.Reflection.MethodBase.Invoke (System.Object obj, System.Object[] parameters) [0x00000] in <695d1cc93cca45069c528c15c9fdd749>:0 
  at UnityEditor.EditorAssemblies.ProcessInitializeOnLoadMethodAttributes () [0x00047] in <68089899e4c84456bfc1de3436accf4a>:0 
UnityEngine.StackTraceUtility:ExtractStackTrace ()
UnityEngine.DebugLogHandler:LogFormat (UnityEngine.LogType,UnityEngine.Object,string,object[])
UnityEngine.Logger:Log (UnityEngine.LogType,object)
UnityEngine.Debug:LogError (object)
UnityEditor.EditorAssemblies:ProcessInitializeOnLoadMethodAttributes ()

Mono: successfully reloaded assembly
- Completed reload, in  1.296 seconds
Domain Reload Profiling:
	ReloadAssembly (1297ms)
		BeginReloadAssembly (162ms)
			ExecutionOrderSort (0ms)
			DisableScriptedObjects (5ms)
			BackupInstance (0ms)
			ReleaseScriptingObjects (0ms)
			CreateAndSetChildDomain (22ms)
		EndReloadAssembly (1075ms)
			LoadAssemblies (103ms)
			RebuildTransferFunctionScriptingTraits (0ms)
			SetupTypeCache (318ms)
			ReleaseScriptCaches (1ms)
			RebuildScriptCaches (57ms)
			SetupLoadedEditorAssemblies (467ms)
				LogAssemblyErrors (0ms)
				InitializePlatformSupportModulesInManaged (4ms)
				SetLoadedEditorAssemblies (0ms)
				RefreshPlugins (60ms)
				BeforeProcessingInitializeOnLoad (78ms)
				ProcessInitializeOnLoadAttributes (299ms)
				ProcessInitializeOnLoadMethodAttributes (24ms)
				AfterProcessingInitializeOnLoad (3ms)
				EditorAssembliesLoaded (0ms)
			ExecutionOrderSort2 (0ms)
			AwakeInstancesAfterBackupRestoration (5ms)
Platform modules already initialized, skipping
========================================================================
Worker process is ready to serve import requests
Launched and connected shader compiler UnityShaderCompiler.exe after 0.09 seconds
Refreshing native plugins compatible for Editor in 1.39 ms, found 12 plugins.
Preloading 2 native plugins for Editor in 0.21 ms.
Unloading 2616 Unused Serialized files (Serialized files now loaded: 0)
System memory in use before: 124.9 MB.
System memory in use after: 125.1 MB.

Unloading 22 unused Assets to reduce memory usage. Loaded Objects now: 3075.
Total: 5.545800 ms (FindLiveObjects: 0.337600 ms CreateObjectMapping: 0.180600 ms MarkObjects: 4.895100 ms  DeleteObjects: 0.130700 ms)

AssetImportParameters requested are different than current active one (requested -> active):
  custom:framework-win-MediaFoundation: 216162199b28c13a410421893ffa2e32 -> 
  custom:video-decoder-ogg-theora: a1e56fd34408186e4bbccfd4996cb3dc -> 
  custom:container-muxer-webm: aa71ff27fc2769a1b78a27578f13a17b -> 
  custom:container-demuxer-webm: 4f35f7cbe854078d1ac9338744f61a02 -> 
  custom:container-demuxer-ogg: 62fdf1f143b41e24485cea50d1cbac27 -> 
  custom:video-encoder-webm-vp8: eb34c28f22e8b96e1ab97ce403110664 -> 
  custom:video-decoder-webm-vp8: 9c59270c3fd7afecdb556c50c9e8de78 -> 
  custom:audio-decoder-ogg-vorbis: bf7c407c2cedff20999df2af8eb42d56 -> 
  custom:audio-encoder-webm-vorbis: bf7c407c2cedff20999df2af8eb42d56 -> 
========================================================================
Received Import Request.
  path: Assets/ExampleAssets/Materials/Cube.mat
  artifactKey: Guid(403f873c984031e45a36f4933d386647) Importer(815301076,1909f56bfc062723c751e8b465ee728b)
Start importing Assets/ExampleAssets/Materials/Cube.mat using Guid(403f873c984031e45a36f4933d386647) Importer(815301076,1909f56bfc062723c751e8b465ee728b)  -> (artifact id: '9040da97d8596e1bf9959e66b90380b5') in 0.231442 seconds 
========================================================================
Received Import Request.
  Time since last request: 0.000296 seconds.
  path: Assets/ExampleAssets/Materials/Grid.mat
  artifactKey: Guid(3f9336a53d1d2ea43895699cc52cb411) Importer(815301076,1909f56bfc062723c751e8b465ee728b)
Start importing Assets/ExampleAssets/Materials/Grid.mat using Guid(3f9336a53d1d2ea43895699cc52cb411) Importer(815301076,1909f56bfc062723c751e8b465ee728b)  -> (artifact id: '84b1afa5a4c398f8c6d04fe20bcce0a1') in 0.017259 seconds 
========================================================================
Received Import Request.
  Time since last request: 0.000430 seconds.
  path: Assets/ExampleAssets/Materials/Skybox Light.mat
  artifactKey: Guid(3a408e788dcbed6429c8d22a01b32a76) Importer(815301076,1909f56bfc062723c751e8b465ee728b)
Start importing Assets/ExampleAssets/Materials/Skybox Light.mat using Guid(3a408e788dcbed6429c8d22a01b32a76) Importer(815301076,1909f56bfc062723c751e8b465ee728b)  -> (artifact id: 'bbe2ed09cbc21f56a539018e1e111534') in 0.033832 seconds 
========================================================================
Received Import Request.
  Time since last request: 0.000342 seconds.
  path: Assets/ExampleAssets
  artifactKey: Guid(83b7bbecd9fac4db9824039903a1eea8) Importer(815301076,1909f56bfc062723c751e8b465ee728b)
Start importing Assets/ExampleAssets using Guid(83b7bbecd9fac4db9824039903a1eea8) Importer(815301076,1909f56bfc062723c751e8b465ee728b)  -> (artifact id: '2bcfb1b979a28109c01204c06ad9a053') in 0.003217 seconds 
========================================================================
Received Import Request.
  Time since last request: 0.000301 seconds.
  path: Assets/ExampleAssets/Materials/Controller.mat
  artifactKey: Guid(3d2e36aacd7dc084b96e0755f1af4137) Importer(815301076,1909f56bfc062723c751e8b465ee728b)
Start importing Assets/ExampleAssets/Materials/Controller.mat using Guid(3d2e36aacd7dc084b96e0755f1af4137) Importer(815301076,1909f56bfc062723c751e8b465ee728b)  -> (artifact id: '3278ae2308aa734563624047925ad747') in 0.028556 seconds 
========================================================================
Received Import Request.
  Time since last request: 0.000315 seconds.
  path: Assets/ExampleAssets/Materials/Floor.mat
  artifactKey: Guid(77a0b29f47b81f34687018159e106cc1) Importer(815301076,1909f56bfc062723c751e8b465ee728b)
Start importing Assets/ExampleAssets/Materials/Floor.mat using Guid(77a0b29f47b81f34687018159e106cc1) Importer(815301076,1909f56bfc062723c751e8b465ee728b)  -> (artifact id: 'f35297f82db83c2546d9317a7c0bd45e') in 0.017624 seconds 
========================================================================
Received Import Request.
  Time since last request: 3.527203 seconds.
  path: Assets/ExampleAssets/Models
  artifactKey: Guid(4a0dd92c4753243b18b4100cf4991b5b) Importer(815301076,1909f56bfc062723c751e8b465ee728b)
Start importing Assets/ExampleAssets/Models using Guid(4a0dd92c4753243b18b4100cf4991b5b) Importer(815301076,1909f56bfc062723c751e8b465ee728b)  -> (artifact id: 'f393eb9eeb9cc0e32f35eaf84ad4c547') in 0.006053 seconds 
========================================================================
Received Import Request.
  Time since last request: 6.027052 seconds.
  path: Assets/Models
  artifactKey: Guid(84bf99519e8cc7d48833ad95599f29b4) Importer(815301076,1909f56bfc062723c751e8b465ee728b)
Start importing Assets/Models using Guid(84bf99519e8cc7d48833ad95599f29b4) Importer(815301076,1909f56bfc062723c751e8b465ee728b)  -> (artifact id: '8772ec01b947195a3490c2b70e2e99ac') in 0.004286 seconds 
========================================================================
Received Import Request.
  Time since last request: 1.840422 seconds.
  path: Assets/Materials
  artifactKey: Guid(3aecc88c53b1f974a8902f8f79421878) Importer(815301076,1909f56bfc062723c751e8b465ee728b)
Start importing Assets/Materials using Guid(3aecc88c53b1f974a8902f8f79421878) Importer(815301076,1909f56bfc062723c751e8b465ee728b)  -> (artifact id: '4a988b4d3fc6a643e95df7a991d5ffc0') in 0.006446 seconds 
========================================================================
Received Import Request.
  Time since last request: 0.049387 seconds.
  path: Assets/Materials/Paper.mat
  artifactKey: Guid(f265caf2644e32849bbd7e7b5645f63c) Importer(815301076,1909f56bfc062723c751e8b465ee728b)
Start importing Assets/Materials/Paper.mat using Guid(f265caf2644e32849bbd7e7b5645f63c) Importer(815301076,1909f56bfc062723c751e8b465ee728b)  -> (artifact id: '3712eb7e4603d2e62adcc10d6a00270c') in 0.012346 seconds 
========================================================================
Received Import Request.
  Time since last request: 0.000439 seconds.
  path: Assets/Materials/Straw.mat
  artifactKey: Guid(cebe28bcb59381245aa6277af893fc48) Importer(815301076,1909f56bfc062723c751e8b465ee728b)
Start importing Assets/Materials/Straw.mat using Guid(cebe28bcb59381245aa6277af893fc48) Importer(815301076,1909f56bfc062723c751e8b465ee728b)  -> (artifact id: '49b6394f4d74359d530abc448b8d2882') in 0.021145 seconds 
========================================================================
Received Import Request.
  Time since last request: 0.000334 seconds.
  path: Assets/Materials/Pouch.mat
  artifactKey: Guid(09fbc73ccf9e3474fbea026ccea60b2f) Importer(815301076,1909f56bfc062723c751e8b465ee728b)
Start importing Assets/Materials/Pouch.mat using Guid(09fbc73ccf9e3474fbea026ccea60b2f) Importer(815301076,1909f56bfc062723c751e8b465ee728b)  -> (artifact id: '46a61c084ca0a240c560ae7944f25bc9') in 0.016970 seconds 
========================================================================
Received Import Request.
  Time since last request: 1.857399 seconds.
  path: Assets/Scenes
  artifactKey: Guid(0cc1b79de78bc4991892d4d342d7211a) Importer(815301076,1909f56bfc062723c751e8b465ee728b)
Start importing Assets/Scenes using Guid(0cc1b79de78bc4991892d4d342d7211a) Importer(815301076,1909f56bfc062723c751e8b465ee728b)  -> (artifact id: '89743c6f43ae1e16026a46bfd67e3c4c') in 0.005311 seconds 
========================================================================
Received Import Request.
  Time since last request: 19.530990 seconds.
  path: Assets/Scripts/Consumable.cs
  artifactKey: Guid(da69d8a572d28b446856adcccd8bfc51) Importer(815301076,1909f56bfc062723c751e8b465ee728b)
Start importing Assets/Scripts/Consumable.cs using Guid(da69d8a572d28b446856adcccd8bfc51) Importer(815301076,1909f56bfc062723c751e8b465ee728b)  -> (artifact id: '886f382ffe3be5d2eb0e69383bb99007') in 0.044409 seconds 
========================================================================
Received Import Request.
  Time since last request: 18.483684 seconds.
  path: Assets/ExampleAssets/Textures/Grid_Light_512x512.png
  artifactKey: Guid(a5888ab2610a91d40a5deefc40b7bfe4) Importer(815301076,1909f56bfc062723c751e8b465ee728b)
Start importing Assets/ExampleAssets/Textures/Grid_Light_512x512.png using Guid(a5888ab2610a91d40a5deefc40b7bfe4) Importer(815301076,1909f56bfc062723c751e8b465ee728b)  -> (artifact id: 'b374f7b2d32b4ce5c024c3c091e74909') in 0.171223 seconds 
========================================================================
Received Import Request.
  Time since last request: 2.319079 seconds.
  path: Assets/ExampleAssets/Tutorial/VRTutorialContainer.asset
  artifactKey: Guid(66a752886585f42d5b39f6f643d399f9) Importer(815301076,1909f56bfc062723c751e8b465ee728b)
Start importing Assets/ExampleAssets/Tutorial/VRTutorialContainer.asset using Guid(66a752886585f42d5b39f6f643d399f9) Importer(815301076,1909f56bfc062723c751e8b465ee728b)  -> (artifact id: '7f8f31a6073d12b16d0bf3ab9937a0dc') in 0.012074 seconds 
========================================================================
Received Import Request.
  Time since last request: 0.010381 seconds.
  path: Assets/ExampleAssets/Tutorial/VRTutorialProjectSettings.asset
  artifactKey: Guid(76b4acc4d12394f60a5accbec43ae2a7) Importer(815301076,1909f56bfc062723c751e8b465ee728b)
Start importing Assets/ExampleAssets/Tutorial/VRTutorialProjectSettings.asset using Guid(76b4acc4d12394f60a5accbec43ae2a7) Importer(815301076,1909f56bfc062723c751e8b465ee728b)  -> (artifact id: '38a1b27bc94a34bf817f413d8bce5db5') in 0.041726 seconds 
========================================================================
Received Import Request.
  Time since last request: 0.000444 seconds.
  path: Assets/ExampleAssets/Tutorial/VRTutorialStyle.asset
  artifactKey: Guid(148a9beb0fa9a4026a837fad3a14e6a4) Importer(815301076,1909f56bfc062723c751e8b465ee728b)
Start importing Assets/ExampleAssets/Tutorial/VRTutorialStyle.asset using Guid(148a9beb0fa9a4026a837fad3a14e6a4) Importer(815301076,1909f56bfc062723c751e8b465ee728b)  -> (artifact id: '8dca5db9347dd0b200e39b9e8e8bdc53') in 0.007319 seconds 
========================================================================
Received Import Request.
  Time since last request: 0.000778 seconds.
  path: Assets/ExampleAssets/Tutorial/VRTutorialWelcomePage.asset
  artifactKey: Guid(3bf5c60804f704e11826afa05a7e2152) Importer(815301076,1909f56bfc062723c751e8b465ee728b)
Start importing Assets/ExampleAssets/Tutorial/VRTutorialWelcomePage.asset using Guid(3bf5c60804f704e11826afa05a7e2152) Importer(815301076,1909f56bfc062723c751e8b465ee728b)  -> (artifact id: '33836ea46f643bfd62f8aea304f47cae') in 0.005717 seconds 
========================================================================
Received Import Request.
  Time since last request: 160.892619 seconds.
  path: Assets/RPG Food & Drinks Pack
  artifactKey: Guid(e8e9a20fd3f20f4409eb308a00f7a11d) Importer(815301076,1909f56bfc062723c751e8b465ee728b)
Start importing Assets/RPG Food & Drinks Pack using Guid(e8e9a20fd3f20f4409eb308a00f7a11d) Importer(815301076,1909f56bfc062723c751e8b465ee728b)  -> (artifact id: '88bf768916fba7605e26cd8aa128a2f5') in 0.008259 seconds 
========================================================================
Received Import Request.
  Time since last request: 1.218158 seconds.
  path: Assets/RPG Food & Drinks Pack/Assets
  artifactKey: Guid(62c2b3301f9cecf45bb82e7933403b88) Importer(815301076,1909f56bfc062723c751e8b465ee728b)
Start importing Assets/RPG Food & Drinks Pack/Assets using Guid(62c2b3301f9cecf45bb82e7933403b88) Importer(815301076,1909f56bfc062723c751e8b465ee728b)  -> (artifact id: '8da88db3bc7dfeb14992ef3d2d1f1b68') in 0.006022 seconds 
========================================================================
Received Import Request.
  Time since last request: 1.483757 seconds.
  path: Assets/RPG Food & Drinks Pack/Assets/Materials
  artifactKey: Guid(0144acb508fbc494a9bb43c71b8f870b) Importer(815301076,1909f56bfc062723c751e8b465ee728b)
Start importing Assets/RPG Food & Drinks Pack/Assets/Materials using Guid(0144acb508fbc494a9bb43c71b8f870b) Importer(815301076,1909f56bfc062723c751e8b465ee728b)  -> (artifact id: '6a60dc7387e429a27d87d2321ff0824d') in 0.007611 seconds 
========================================================================
Received Import Request.
  Time since last request: 0.049739 seconds.
  path: Assets/RPG Food & Drinks Pack/Assets/Materials/Beer.mat
  artifactKey: Guid(e430774994b5d7341971ac684db72701) Importer(815301076,1909f56bfc062723c751e8b465ee728b)
Start importing Assets/RPG Food & Drinks Pack/Assets/Materials/Beer.mat using Guid(e430774994b5d7341971ac684db72701) Importer(815301076,1909f56bfc062723c751e8b465ee728b)  -> (artifact id: 'd0a5d4aa3d784bee051fef954dd9aa67') in 0.015952 seconds 
========================================================================
Received Import Request.
  Time since last request: 0.000356 seconds.
  path: Assets/RPG Food & Drinks Pack/Assets/Materials/Pie.mat
  artifactKey: Guid(75fff315701b27e45bd4b88b6996cc92) Importer(815301076,1909f56bfc062723c751e8b465ee728b)
Start importing Assets/RPG Food & Drinks Pack/Assets/Materials/Pie.mat using Guid(75fff315701b27e45bd4b88b6996cc92) Importer(815301076,1909f56bfc062723c751e8b465ee728b)  -> (artifact id: 'e879dd9274427b76f85e9114a75d1116') in 0.022182 seconds 
========================================================================
Received Import Request.
  Time since last request: 0.000400 seconds.
  path: Assets/RPG Food & Drinks Pack/Assets/Materials/Ham.mat
  artifactKey: Guid(f5115a6d4c11b1a43925d7fdf0b40d96) Importer(815301076,1909f56bfc062723c751e8b465ee728b)
Start importing Assets/RPG Food & Drinks Pack/Assets/Materials/Ham.mat using Guid(f5115a6d4c11b1a43925d7fdf0b40d96) Importer(815301076,1909f56bfc062723c751e8b465ee728b)  -> (artifact id: 'de454385a44eec2ef30436eb798d87c5') in 0.022754 seconds 
========================================================================
Received Import Request.
  Time since last request: 0.000408 seconds.
  path: Assets/RPG Food & Drinks Pack/Assets/Materials/Glass2.mat
  artifactKey: Guid(39e7fddb479fb9c45b2d36098e151244) Importer(815301076,1909f56bfc062723c751e8b465ee728b)
Start importing Assets/RPG Food & Drinks Pack/Assets/Materials/Glass2.mat using Guid(39e7fddb479fb9c45b2d36098e151244) Importer(815301076,1909f56bfc062723c751e8b465ee728b)  -> (artifact id: 'c3a84f6fe7994bacb77908cfd3c2b64d') in 0.018152 seconds 
========================================================================
Received Import Request.
  Time since last request: 0.000357 seconds.
  path: Assets/RPG Food & Drinks Pack/Assets/Materials/Steak.mat
  artifactKey: Guid(4b364411469b66f4c88e7ed45b7068ef) Importer(815301076,1909f56bfc062723c751e8b465ee728b)
Start importing Assets/RPG Food & Drinks Pack/Assets/Materials/Steak.mat using Guid(4b364411469b66f4c88e7ed45b7068ef) Importer(815301076,1909f56bfc062723c751e8b465ee728b)  -> (artifact id: '5cd4397a7705dea95874ae74b991146e') in 0.018804 seconds 
========================================================================
Received Import Request.
  Time since last request: 0.001162 seconds.
  path: Assets/RPG Food & Drinks Pack/Assets/Materials/Cake.mat
  artifactKey: Guid(825dec5a9e40b6843b83747c563bd514) Importer(815301076,1909f56bfc062723c751e8b465ee728b)
Start importing Assets/RPG Food & Drinks Pack/Assets/Materials/Cake.mat using Guid(825dec5a9e40b6843b83747c563bd514) Importer(815301076,1909f56bfc062723c751e8b465ee728b)  -> (artifact id: '8e2c16900db28dfcbe6c603f72ac6208') in 0.014920 seconds 
========================================================================
Received Import Request.
  Time since last request: 0.000294 seconds.
  path: Assets/RPG Food & Drinks Pack/Assets/Materials/Fish.mat
  artifactKey: Guid(9325f0644b3597d4a8f8ee447715fb5e) Importer(815301076,1909f56bfc062723c751e8b465ee728b)
Start importing Assets/RPG Food & Drinks Pack/Assets/Materials/Fish.mat using Guid(9325f0644b3597d4a8f8ee447715fb5e) Importer(815301076,1909f56bfc062723c751e8b465ee728b)  -> (artifact id: 'c08211f274a412074e1831d53c4578e6') in 0.074480 seconds 
========================================================================
Received Import Request.
  Time since last request: 0.000218 seconds.
  path: Assets/RPG Food & Drinks Pack/Assets/Materials/Ribs.mat
  artifactKey: Guid(44395c71ca2574a49b06d7bb36ede347) Importer(815301076,1909f56bfc062723c751e8b465ee728b)
Start importing Assets/RPG Food & Drinks Pack/Assets/Materials/Ribs.mat using Guid(44395c71ca2574a49b06d7bb36ede347) Importer(815301076,1909f56bfc062723c751e8b465ee728b)  -> (artifact id: '335bd3eae3e06385052b2bb364ffa3e5') in 0.017669 seconds 
========================================================================
Received Import Request.
  Time since last request: 0.000225 seconds.
  path: Assets/RPG Food & Drinks Pack/Assets/Materials/Stew.mat
  artifactKey: Guid(935d5e561b7cd55419ae15baf0e2ebcf) Importer(815301076,1909f56bfc062723c751e8b465ee728b)
Start importing Assets/RPG Food & Drinks Pack/Assets/Materials/Stew.mat using Guid(935d5e561b7cd55419ae15baf0e2ebcf) Importer(815301076,1909f56bfc062723c751e8b465ee728b)  -> (artifact id: 'd380ef209a843204ce9afab8c5d1de42') in 0.018763 seconds 
========================================================================
Received Import Request.
  Time since last request: 0.000262 seconds.
  path: Assets/RPG Food & Drinks Pack/Assets/Materials/Bread.mat
  artifactKey: Guid(1276d070c61c96e41ade468cf4441531) Importer(815301076,1909f56bfc062723c751e8b465ee728b)
Start importing Assets/RPG Food & Drinks Pack/Assets/Materials/Bread.mat using Guid(1276d070c61c96e41ade468cf4441531) Importer(815301076,1909f56bfc062723c751e8b465ee728b)  -> (artifact id: 'b54d885b6cfeb1e96d7561c3d878c8af') in 0.015872 seconds 
========================================================================
Received Import Request.
  Time since last request: 0.000280 seconds.
  path: Assets/RPG Food & Drinks Pack/Assets/Materials/WineJug.mat
  artifactKey: Guid(34aaf3eb3682273479e9165fd1214c12) Importer(815301076,1909f56bfc062723c751e8b465ee728b)
Start importing Assets/RPG Food & Drinks Pack/Assets/Materials/WineJug.mat using Guid(34aaf3eb3682273479e9165fd1214c12) Importer(815301076,1909f56bfc062723c751e8b465ee728b)  -> (artifact id: '7bc9eaa90d3c46e95bcf95a9900cad7d') in 0.012889 seconds 
========================================================================
Received Import Request.
  Time since last request: 0.000140 seconds.
  path: Assets/RPG Food & Drinks Pack/Assets/Materials/Cheese.mat
  artifactKey: Guid(d2e49f1c846a0b74fa6b403ca51306d5) Importer(815301076,1909f56bfc062723c751e8b465ee728b)
Start importing Assets/RPG Food & Drinks Pack/Assets/Materials/Cheese.mat using Guid(d2e49f1c846a0b74fa6b403ca51306d5) Importer(815301076,1909f56bfc062723c751e8b465ee728b)  -> (artifact id: 'b9bdb8780a5f38a12c9b6f8512213e82') in 0.023249 seconds 
========================================================================
Received Import Request.
  Time since last request: 0.000275 seconds.
  path: Assets/RPG Food & Drinks Pack/Assets/Materials/WineBottle.mat
  artifactKey: Guid(4f065576a857c1f44b6dd9c9a374dc0e) Importer(815301076,1909f56bfc062723c751e8b465ee728b)
Start importing Assets/RPG Food & Drinks Pack/Assets/Materials/WineBottle.mat using Guid(4f065576a857c1f44b6dd9c9a374dc0e) Importer(815301076,1909f56bfc062723c751e8b465ee728b)  -> (artifact id: '2996c75c81cf8bb2c4f648aff2590424') in 0.017643 seconds 
========================================================================
Received Import Request.
  Time since last request: 0.000243 seconds.
  path: Assets/RPG Food & Drinks Pack/Assets/Materials/Glass1.mat
  artifactKey: Guid(be1d3608b7117534aa367f62fba78b66) Importer(815301076,1909f56bfc062723c751e8b465ee728b)
Start importing Assets/RPG Food & Drinks Pack/Assets/Materials/Glass1.mat using Guid(be1d3608b7117534aa367f62fba78b66) Importer(815301076,1909f56bfc062723c751e8b465ee728b)  -> (artifact id: '83d995bf0825b63b54b8aad47b6da4f0') in 0.014532 seconds 
========================================================================
Received Import Request.
  Time since last request: 0.000278 seconds.
  path: Assets/RPG Food & Drinks Pack/Assets/Materials/Watermelon.mat
  artifactKey: Guid(dca11b4f8e2259c439293e7ed26e01fd) Importer(815301076,1909f56bfc062723c751e8b465ee728b)
Start importing Assets/RPG Food & Drinks Pack/Assets/Materials/Watermelon.mat using Guid(dca11b4f8e2259c439293e7ed26e01fd) Importer(815301076,1909f56bfc062723c751e8b465ee728b)  -> (artifact id: '496a7227dd8130ae7b33b570681aa365') in 0.017611 seconds 
========================================================================
Received Import Request.
  Time since last request: 0.000217 seconds.
  path: Assets/RPG Food & Drinks Pack/Assets/Materials/Ground.mat
  artifactKey: Guid(df6e11e3d51fbf54fa9723bacc1fb08a) Importer(815301076,1909f56bfc062723c751e8b465ee728b)
Start importing Assets/RPG Food & Drinks Pack/Assets/Materials/Ground.mat using Guid(df6e11e3d51fbf54fa9723bacc1fb08a) Importer(815301076,1909f56bfc062723c751e8b465ee728b)  -> (artifact id: '84f22bbc490e3f066f40a62eba0b6a2e') in 0.017569 seconds 
========================================================================
Received Import Request.
  Time since last request: 0.000278 seconds.
  path: Assets/RPG Food & Drinks Pack/Assets/Materials/Potion.mat
  artifactKey: Guid(a951ee65d1735274bba8867b95aaa8dd) Importer(815301076,1909f56bfc062723c751e8b465ee728b)
Start importing Assets/RPG Food & Drinks Pack/Assets/Materials/Potion.mat using Guid(a951ee65d1735274bba8867b95aaa8dd) Importer(815301076,1909f56bfc062723c751e8b465ee728b)  -> (artifact id: 'd7f12e83a37504d08108e0c68c21e370') in 0.019067 seconds 
========================================================================
Received Import Request.
  Time since last request: 8.394242 seconds.
  path: Assets/RPG Food & Drinks Pack/Assets/Models
  artifactKey: Guid(9ddd400b8f0a11640910a8c1cc7408b3) Importer(815301076,1909f56bfc062723c751e8b465ee728b)
Start importing Assets/RPG Food & Drinks Pack/Assets/Models using Guid(9ddd400b8f0a11640910a8c1cc7408b3) Importer(815301076,1909f56bfc062723c751e8b465ee728b)  -> (artifact id: '98f213cf51c8f8f2fa78f921609f45ff') in 0.005456 seconds 
========================================================================
Received Import Request.
  Time since last request: 0.039538 seconds.
  path: Assets/RPG Food & Drinks Pack/Assets/Models/Beer.fbx
  artifactKey: Guid(288cbbc70a1470347b02ccc64730de4c) Importer(815301076,1909f56bfc062723c751e8b465ee728b)
Start importing Assets/RPG Food & Drinks Pack/Assets/Models/Beer.fbx using Guid(288cbbc70a1470347b02ccc64730de4c) Importer(815301076,1909f56bfc062723c751e8b465ee728b)  -> (artifact id: '5e0239cfae61ae1f3e67aa98879188ac') in 0.274373 seconds 
========================================================================
Received Import Request.
  Time since last request: 0.000357 seconds.
  path: Assets/RPG Food & Drinks Pack/Assets/Models/Bread.fbx
  artifactKey: Guid(fcbe2a01626da6648922666035a252d5) Importer(815301076,1909f56bfc062723c751e8b465ee728b)
Start importing Assets/RPG Food & Drinks Pack/Assets/Models/Bread.fbx using Guid(fcbe2a01626da6648922666035a252d5) Importer(815301076,1909f56bfc062723c751e8b465ee728b)  -> (artifact id: '25263f0c64647263e4259fa26e9dea7a') in 0.080684 seconds 
========================================================================
Received Import Request.
  Time since last request: 0.000251 seconds.
  path: Assets/RPG Food & Drinks Pack/Assets/Models/Cake.fbx
  artifactKey: Guid(af9152524b0e38643a868670673f08bf) Importer(815301076,1909f56bfc062723c751e8b465ee728b)
Start importing Assets/RPG Food & Drinks Pack/Assets/Models/Cake.fbx using Guid(af9152524b0e38643a868670673f08bf) Importer(815301076,1909f56bfc062723c751e8b465ee728b)  -> (artifact id: '3e91a8b2546fab4858c2b6c5f74e3832') in 0.079876 seconds 
========================================================================
Received Import Request.
  Time since last request: 0.000434 seconds.
  path: Assets/RPG Food & Drinks Pack/Assets/Models/WineJug.fbx
  artifactKey: Guid(67e85fe895ef02d49857e5e78498bf5a) Importer(815301076,1909f56bfc062723c751e8b465ee728b)
Start importing Assets/RPG Food & Drinks Pack/Assets/Models/WineJug.fbx using Guid(67e85fe895ef02d49857e5e78498bf5a) Importer(815301076,1909f56bfc062723c751e8b465ee728b)  -> (artifact id: 'eeec0998603aba4e75aedfc5ff92e201') in 0.079165 seconds 
========================================================================
Received Import Request.
  Time since last request: 0.000405 seconds.
  path: Assets/RPG Food & Drinks Pack/Assets/Models/PotionSmall.fbx
  artifactKey: Guid(d41ebdf97eee8a0489914a881d83adcd) Importer(815301076,1909f56bfc062723c751e8b465ee728b)
Start importing Assets/RPG Food & Drinks Pack/Assets/Models/PotionSmall.fbx using Guid(d41ebdf97eee8a0489914a881d83adcd) Importer(815301076,1909f56bfc062723c751e8b465ee728b)  -> (artifact id: 'c9f3a063db0253067518a0c64c6f2d1e') in 0.103729 seconds 
========================================================================
Received Import Request.
  Time since last request: 0.000278 seconds.
  path: Assets/RPG Food & Drinks Pack/Assets/Models/Pie.fbx
  artifactKey: Guid(bf8e5a9fe8b532c488f6298248cba069) Importer(815301076,1909f56bfc062723c751e8b465ee728b)
Start importing Assets/RPG Food & Drinks Pack/Assets/Models/Pie.fbx using Guid(bf8e5a9fe8b532c488f6298248cba069) Importer(815301076,1909f56bfc062723c751e8b465ee728b)  -> (artifact id: '39a83f6dc05985f8ec24d50aec76aff7') in 0.073166 seconds 
========================================================================
Received Import Request.
  Time since last request: 0.000289 seconds.
  path: Assets/RPG Food & Drinks Pack/Assets/Models/Steak.fbx
  artifactKey: Guid(3e0bb3b9dbaafd04badfbac58ffc981e) Importer(815301076,1909f56bfc062723c751e8b465ee728b)
Start importing Assets/RPG Food & Drinks Pack/Assets/Models/Steak.fbx using Guid(3e0bb3b9dbaafd04badfbac58ffc981e) Importer(815301076,1909f56bfc062723c751e8b465ee728b)  -> (artifact id: 'ee422aa4f5d7fb22439531896b96f1d3') in 0.081800 seconds 
========================================================================
Received Import Request.
  Time since last request: 0.000297 seconds.
  path: Assets/RPG Food & Drinks Pack/Assets/Models/Ham.fbx
  artifactKey: Guid(f18d7e3411076c64d8406cd22ce183c4) Importer(815301076,1909f56bfc062723c751e8b465ee728b)
Start importing Assets/RPG Food & Drinks Pack/Assets/Models/Ham.fbx using Guid(f18d7e3411076c64d8406cd22ce183c4) Importer(815301076,1909f56bfc062723c751e8b465ee728b)  -> (artifact id: '0c3856eeeae0109cd2b695395950cc10') in 0.087675 seconds 
========================================================================
Received Import Request.
  Time since last request: 0.000301 seconds.
  path: Assets/RPG Food & Drinks Pack/Assets/Models/Stew.fbx
  artifactKey: Guid(3bf70e254f0fb1a4eb2a4b2138d70156) Importer(815301076,1909f56bfc062723c751e8b465ee728b)
Start importing Assets/RPG Food & Drinks Pack/Assets/Models/Stew.fbx using Guid(3bf70e254f0fb1a4eb2a4b2138d70156) Importer(815301076,1909f56bfc062723c751e8b465ee728b)  -> (artifact id: '82c4831100a753a2f087ef2a4a8bca1a') in 0.083532 seconds 
========================================================================
Received Import Request.
  Time since last request: 0.000405 seconds.
  path: Assets/RPG Food & Drinks Pack/Assets/Models/Watermelon.fbx
  artifactKey: Guid(bd0e2ca1327ae554895f8aa577407b2f) Importer(815301076,1909f56bfc062723c751e8b465ee728b)
Start importing Assets/RPG Food & Drinks Pack/Assets/Models/Watermelon.fbx using Guid(bd0e2ca1327ae554895f8aa577407b2f) Importer(815301076,1909f56bfc062723c751e8b465ee728b)  -> (artifact id: '76926c3cecd451fbb833a8669c7995e4') in 0.084315 seconds 
========================================================================
Received Import Request.
  Time since last request: 0.000267 seconds.
  path: Assets/RPG Food & Drinks Pack/Assets/Models/WineBottle.fbx
  artifactKey: Guid(81306cd738b0c1b478ccd7f24348c4cc) Importer(815301076,1909f56bfc062723c751e8b465ee728b)
Start importing Assets/RPG Food & Drinks Pack/Assets/Models/WineBottle.fbx using Guid(81306cd738b0c1b478ccd7f24348c4cc) Importer(815301076,1909f56bfc062723c751e8b465ee728b)  -> (artifact id: '1b955c23fffe989feaf08261f6a787fe') in 0.099307 seconds 
========================================================================
Received Import Request.
  Time since last request: 0.000297 seconds.
  path: Assets/RPG Food & Drinks Pack/Assets/Models/PotionBig.fbx
  artifactKey: Guid(9564e19026ce393499c75921946a09c2) Importer(815301076,1909f56bfc062723c751e8b465ee728b)
Start importing Assets/RPG Food & Drinks Pack/Assets/Models/PotionBig.fbx using Guid(9564e19026ce393499c75921946a09c2) Importer(815301076,1909f56bfc062723c751e8b465ee728b)  -> (artifact id: '96fa6044c15907c92ca3e43342e506be') in 0.104374 seconds 
========================================================================
Received Import Request.
  Time since last request: 0.000305 seconds.
  path: Assets/RPG Food & Drinks Pack/Assets/Models/Cheese.fbx
  artifactKey: Guid(3cc633b06f0d05943a35e7bc94d6b792) Importer(815301076,1909f56bfc062723c751e8b465ee728b)
Start importing Assets/RPG Food & Drinks Pack/Assets/Models/Cheese.fbx using Guid(3cc633b06f0d05943a35e7bc94d6b792) Importer(815301076,1909f56bfc062723c751e8b465ee728b)  -> (artifact id: 'e5eea15c154e0fc57831580f2bc2a58d') in 0.082789 seconds 
========================================================================
Received Import Request.
  Time since last request: 0.000329 seconds.
  path: Assets/RPG Food & Drinks Pack/Assets/Models/Fish.fbx
  artifactKey: Guid(7a4fc7c563c4e384688d2f3823b64aa4) Importer(815301076,1909f56bfc062723c751e8b465ee728b)
Start importing Assets/RPG Food & Drinks Pack/Assets/Models/Fish.fbx using Guid(7a4fc7c563c4e384688d2f3823b64aa4) Importer(815301076,1909f56bfc062723c751e8b465ee728b)  -> (artifact id: 'a8e3b198d7a557f7e41309d8655415d4') in 0.077207 seconds 
========================================================================
Received Import Request.
  Time since last request: 0.000288 seconds.
  path: Assets/RPG Food & Drinks Pack/Assets/Models/Ribs.fbx
  artifactKey: Guid(3b4b421f38f16ea4e906bf69529e352c) Importer(815301076,1909f56bfc062723c751e8b465ee728b)
Start importing Assets/RPG Food & Drinks Pack/Assets/Models/Ribs.fbx using Guid(3b4b421f38f16ea4e906bf69529e352c) Importer(815301076,1909f56bfc062723c751e8b465ee728b)  -> (artifact id: '390e8d623549a77dc03681b829d87f75') in 0.093941 seconds 
========================================================================
Received Import Request.
  Time since last request: 7.395494 seconds.
  path: Assets/RPG Food & Drinks Pack/Assets/Prefabs
  artifactKey: Guid(ae437f37fb44b8f44a518eba8d68cd8f) Importer(815301076,1909f56bfc062723c751e8b465ee728b)
Start importing Assets/RPG Food & Drinks Pack/Assets/Prefabs using Guid(ae437f37fb44b8f44a518eba8d68cd8f) Importer(815301076,1909f56bfc062723c751e8b465ee728b)  -> (artifact id: 'eff3d52f87b71699426c3ccbd10833ed') in 0.006537 seconds 
========================================================================
Received Import Request.
  Time since last request: 0.043780 seconds.
  path: Assets/RPG Food & Drinks Pack/Assets/Prefabs/Beer.prefab
  artifactKey: Guid(adc1f0e5c2a025b488cad3fb21d4f3b6) Importer(815301076,1909f56bfc062723c751e8b465ee728b)
Start importing Assets/RPG Food & Drinks Pack/Assets/Prefabs/Beer.prefab using Guid(adc1f0e5c2a025b488cad3fb21d4f3b6) Importer(815301076,1909f56bfc062723c751e8b465ee728b)  -> (artifact id: 'd94e9bb1409b2ec39efcc3110711a7ea') in 0.017409 seconds 
========================================================================
Received Import Request.
  Time since last request: 0.000331 seconds.
  path: Assets/RPG Food & Drinks Pack/Assets/Prefabs/Cheese.prefab
  artifactKey: Guid(9e67197f1a146e245876cb153e7385fd) Importer(815301076,1909f56bfc062723c751e8b465ee728b)
Start importing Assets/RPG Food & Drinks Pack/Assets/Prefabs/Cheese.prefab using Guid(9e67197f1a146e245876cb153e7385fd) Importer(815301076,1909f56bfc062723c751e8b465ee728b)  -> (artifact id: 'a1e71b8e475a2b025cacbbb806061277') in 0.021428 seconds 
========================================================================
Received Import Request.
  Time since last request: 0.000300 seconds.
  path: Assets/RPG Food & Drinks Pack/Assets/Prefabs/WineBottle.prefab
  artifactKey: Guid(4d53eec46a23f5e49bce705206cfccb8) Importer(815301076,1909f56bfc062723c751e8b465ee728b)
Start importing Assets/RPG Food & Drinks Pack/Assets/Prefabs/WineBottle.prefab using Guid(4d53eec46a23f5e49bce705206cfccb8) Importer(815301076,1909f56bfc062723c751e8b465ee728b)  -> (artifact id: 'd0a3f25f3f218c61cd24c8cc87b32106') in 0.019641 seconds 
========================================================================
Received Import Request.
  Time since last request: 0.000295 seconds.
  path: Assets/RPG Food & Drinks Pack/Assets/Prefabs/Pie.prefab
  artifactKey: Guid(a7ad2ea77ce8b7046997418d2425deb3) Importer(815301076,1909f56bfc062723c751e8b465ee728b)
Start importing Assets/RPG Food & Drinks Pack/Assets/Prefabs/Pie.prefab using Guid(a7ad2ea77ce8b7046997418d2425deb3) Importer(815301076,1909f56bfc062723c751e8b465ee728b)  -> (artifact id: '7872166676d210f73af043491e0be6fb') in 0.019240 seconds 
========================================================================
Received Import Request.
  Time since last request: 0.000294 seconds.
  path: Assets/RPG Food & Drinks Pack/Assets/Prefabs/PotionBig.prefab
  artifactKey: Guid(f16e0d712129f7b4abba89bfd58e985b) Importer(815301076,1909f56bfc062723c751e8b465ee728b)
Start importing Assets/RPG Food & Drinks Pack/Assets/Prefabs/PotionBig.prefab using Guid(f16e0d712129f7b4abba89bfd58e985b) Importer(815301076,1909f56bfc062723c751e8b465ee728b)  -> (artifact id: '1c565e03db52ef40ed741ddbcf3143c7') in 0.030220 seconds 
========================================================================
Received Import Request.
  Time since last request: 0.000258 seconds.
  path: Assets/RPG Food & Drinks Pack/Assets/Prefabs/Bread.prefab
  artifactKey: Guid(e6002bc2297e85f4d9fc76b8248feb5a) Importer(815301076,1909f56bfc062723c751e8b465ee728b)
Start importing Assets/RPG Food & Drinks Pack/Assets/Prefabs/Bread.prefab using Guid(e6002bc2297e85f4d9fc76b8248feb5a) Importer(815301076,1909f56bfc062723c751e8b465ee728b)  -> (artifact id: '2e6207d8746a68d54b19aaa88eec7bb1') in 0.022160 seconds 
========================================================================
Received Import Request.
  Time since last request: 0.000261 seconds.
  path: Assets/RPG Food & Drinks Pack/Assets/Prefabs/Fish.prefab
  artifactKey: Guid(1cc7cbbec1f220841a9ed6c3046dddfb) Importer(815301076,1909f56bfc062723c751e8b465ee728b)
Start importing Assets/RPG Food & Drinks Pack/Assets/Prefabs/Fish.prefab using Guid(1cc7cbbec1f220841a9ed6c3046dddfb) Importer(815301076,1909f56bfc062723c751e8b465ee728b)  -> (artifact id: '334b3ec8d9b9116a7bb23fa558174f8e') in 0.018769 seconds 
========================================================================
Received Import Request.
  Time since last request: 0.000260 seconds.
  path: Assets/RPG Food & Drinks Pack/Assets/Prefabs/PotionSmall.prefab
  artifactKey: Guid(bf1067ac4cce904429196bd5902ef4c2) Importer(815301076,1909f56bfc062723c751e8b465ee728b)
Start importing Assets/RPG Food & Drinks Pack/Assets/Prefabs/PotionSmall.prefab using Guid(bf1067ac4cce904429196bd5902ef4c2) Importer(815301076,1909f56bfc062723c751e8b465ee728b)  -> (artifact id: '052d0be58c41605366220a51ff794cf2') in 0.019145 seconds 
========================================================================
Received Import Request.
  Time since last request: 0.000278 seconds.
  path: Assets/RPG Food & Drinks Pack/Assets/Prefabs/Ribs.prefab
  artifactKey: Guid(47da0668706b5f54483e2e89a36e774e) Importer(815301076,1909f56bfc062723c751e8b465ee728b)
Start importing Assets/RPG Food & Drinks Pack/Assets/Prefabs/Ribs.prefab using Guid(47da0668706b5f54483e2e89a36e774e) Importer(815301076,1909f56bfc062723c751e8b465ee728b)  -> (artifact id: 'fc2394b3dddc9d8d6b2ce4cd10553a0c') in 0.030852 seconds 
========================================================================
Received Import Request.
  Time since last request: 0.000371 seconds.
  path: Assets/RPG Food & Drinks Pack/Assets/Prefabs/WineJug.prefab
  artifactKey: Guid(111549fa332d30b4d93ee7a79fca0218) Importer(815301076,1909f56bfc062723c751e8b465ee728b)
Start importing Assets/RPG Food & Drinks Pack/Assets/Prefabs/WineJug.prefab using Guid(111549fa332d30b4d93ee7a79fca0218) Importer(815301076,1909f56bfc062723c751e8b465ee728b)  -> (artifact id: '0d2567b286e6aff7798a2609ff05dd4b') in 0.018219 seconds 
========================================================================
Received Import Request.
  Time since last request: 0.000293 seconds.
  path: Assets/RPG Food & Drinks Pack/Assets/Prefabs/Stew.prefab
  artifactKey: Guid(fcb2c2b33094cf54591f330bc73def25) Importer(815301076,1909f56bfc062723c751e8b465ee728b)
Start importing Assets/RPG Food & Drinks Pack/Assets/Prefabs/Stew.prefab using Guid(fcb2c2b33094cf54591f330bc73def25) Importer(815301076,1909f56bfc062723c751e8b465ee728b)  -> (artifact id: 'bf189d9c37ba2b7265d648b029a14a88') in 0.019330 seconds 
========================================================================
Received Import Request.
  Time since last request: 0.001529 seconds.
  path: Assets/RPG Food & Drinks Pack/Assets/Prefabs/Watermelon.prefab
  artifactKey: Guid(67d272003e829744b87737100e2371ca) Importer(815301076,1909f56bfc062723c751e8b465ee728b)
Start importing Assets/RPG Food & Drinks Pack/Assets/Prefabs/Watermelon.prefab using Guid(67d272003e829744b87737100e2371ca) Importer(815301076,1909f56bfc062723c751e8b465ee728b)  -> (artifact id: 'd5f2019ecbdd6d9660b7c4bafdc0fa29') in 0.021974 seconds 
========================================================================
Received Import Request.
  Time since last request: 0.000241 seconds.
  path: Assets/RPG Food & Drinks Pack/Assets/Prefabs/Cake.prefab
  artifactKey: Guid(3c4c5d66cf736c149bcf5c93ea5603fa) Importer(815301076,1909f56bfc062723c751e8b465ee728b)
Start importing Assets/RPG Food & Drinks Pack/Assets/Prefabs/Cake.prefab using Guid(3c4c5d66cf736c149bcf5c93ea5603fa) Importer(815301076,1909f56bfc062723c751e8b465ee728b)  -> (artifact id: '3be9e5718d22f9e31184d016a7eb5872') in 0.016673 seconds 
========================================================================
Received Import Request.
  Time since last request: 0.000242 seconds.
  path: Assets/RPG Food & Drinks Pack/Assets/Prefabs/Ham.prefab
  artifactKey: Guid(b5633769281ca0940b368cbed17b7ec0) Importer(815301076,1909f56bfc062723c751e8b465ee728b)
Start importing Assets/RPG Food & Drinks Pack/Assets/Prefabs/Ham.prefab using Guid(b5633769281ca0940b368cbed17b7ec0) Importer(815301076,1909f56bfc062723c751e8b465ee728b)  -> (artifact id: 'b93a42f65f6650e4d8bb94091887dcd6') in 0.019782 seconds 
========================================================================
Received Import Request.
  Time since last request: 0.000401 seconds.
  path: Assets/RPG Food & Drinks Pack/Assets/Prefabs/Steak.prefab
  artifactKey: Guid(dfca154787e1ae143bb61db3e936f56c) Importer(815301076,1909f56bfc062723c751e8b465ee728b)
Start importing Assets/RPG Food & Drinks Pack/Assets/Prefabs/Steak.prefab using Guid(dfca154787e1ae143bb61db3e936f56c) Importer(815301076,1909f56bfc062723c751e8b465ee728b)  -> (artifact id: 'ba60caa761314b8bd2c07e6809d6b444') in 0.020264 seconds 
========================================================================
Received Import Request.
  Time since last request: 4.174375 seconds.
  path: Assets/RPG Food & Drinks Pack/Assets/Textures
  artifactKey: Guid(91bda7bc367eeb34c9fd25eb9e742d19) Importer(815301076,1909f56bfc062723c751e8b465ee728b)
Start importing Assets/RPG Food & Drinks Pack/Assets/Textures using Guid(91bda7bc367eeb34c9fd25eb9e742d19) Importer(815301076,1909f56bfc062723c751e8b465ee728b)  -> (artifact id: '7c10fe45a91ba165efd9789b191ab5f9') in 0.006882 seconds 
========================================================================
Received Import Request.
  Time since last request: 0.039846 seconds.
  path: Assets/RPG Food & Drinks Pack/Assets/Textures/BeerTexture.png
  artifactKey: Guid(017d26559eac144478092ed211aaa1d8) Importer(815301076,1909f56bfc062723c751e8b465ee728b)
Start importing Assets/RPG Food & Drinks Pack/Assets/Textures/BeerTexture.png using Guid(017d26559eac144478092ed211aaa1d8) Importer(815301076,1909f56bfc062723c751e8b465ee728b)  -> (artifact id: '3f28e87c9867e0b2ee68b793d9a403ff') in 0.023577 seconds 
========================================================================
Received Import Request.
  Time since last request: 0.000268 seconds.
  path: Assets/RPG Food & Drinks Pack/Assets/Textures/WineJugTexture.png
  artifactKey: Guid(7d52f9640006ad5498a2945db5713846) Importer(815301076,1909f56bfc062723c751e8b465ee728b)
Start importing Assets/RPG Food & Drinks Pack/Assets/Textures/WineJugTexture.png using Guid(7d52f9640006ad5498a2945db5713846) Importer(815301076,1909f56bfc062723c751e8b465ee728b)  -> (artifact id: 'a1cd5f2391c6d892bdda863d2e44de6f') in 0.023204 seconds 
========================================================================
Received Import Request.
  Time since last request: 0.000276 seconds.
  path: Assets/RPG Food & Drinks Pack/Assets/Textures/HamTexture.png
  artifactKey: Guid(c782a6593070b7e4f952d17561321a30) Importer(815301076,1909f56bfc062723c751e8b465ee728b)
Start importing Assets/RPG Food & Drinks Pack/Assets/Textures/HamTexture.png using Guid(c782a6593070b7e4f952d17561321a30) Importer(815301076,1909f56bfc062723c751e8b465ee728b)  -> (artifact id: '85f6b1888924c9149a3500bedd24795a') in 0.014247 seconds 
========================================================================
Received Import Request.
  Time since last request: 0.000280 seconds.
  path: Assets/RPG Food & Drinks Pack/Assets/Textures/RibsTexture.png
  artifactKey: Guid(025ce131b45c28142bc4f420be27fc0b) Importer(815301076,1909f56bfc062723c751e8b465ee728b)
Start importing Assets/RPG Food & Drinks Pack/Assets/Textures/RibsTexture.png using Guid(025ce131b45c28142bc4f420be27fc0b) Importer(815301076,1909f56bfc062723c751e8b465ee728b)  -> (artifact id: '6e61eb9abd03fe187ff926408963da3f') in 0.012963 seconds 
========================================================================
Received Import Request.
  Time since last request: 0.000365 seconds.
  path: Assets/RPG Food & Drinks Pack/Assets/Textures/CheeseTexture.png
  artifactKey: Guid(3b1670dcb4a33d648848a2fc3ba7ff4f) Importer(815301076,1909f56bfc062723c751e8b465ee728b)
Start importing Assets/RPG Food & Drinks Pack/Assets/Textures/CheeseTexture.png using Guid(3b1670dcb4a33d648848a2fc3ba7ff4f) Importer(815301076,1909f56bfc062723c751e8b465ee728b)  -> (artifact id: '6060f640797e29f12ed11b7a71cde1f2') in 0.013628 seconds 
========================================================================
Received Import Request.
  Time since last request: 0.000315 seconds.
  path: Assets/RPG Food & Drinks Pack/Assets/Textures/WineBottleTexture.png
  artifactKey: Guid(4956acdcbb208ce4eb127b5ea9b10d85) Importer(815301076,1909f56bfc062723c751e8b465ee728b)
Start importing Assets/RPG Food & Drinks Pack/Assets/Textures/WineBottleTexture.png using Guid(4956acdcbb208ce4eb127b5ea9b10d85) Importer(815301076,1909f56bfc062723c751e8b465ee728b)  -> (artifact id: '21cfa8f988a4b6fe927b13a42404f504') in 0.013762 seconds 
========================================================================
Received Import Request.
  Time since last request: 0.000302 seconds.
  path: Assets/RPG Food & Drinks Pack/Assets/Textures/StewTexture.png
  artifactKey: Guid(02961ec57c3db034c9ead8b4e47fa9a7) Importer(815301076,1909f56bfc062723c751e8b465ee728b)
Start importing Assets/RPG Food & Drinks Pack/Assets/Textures/StewTexture.png using Guid(02961ec57c3db034c9ead8b4e47fa9a7) Importer(815301076,1909f56bfc062723c751e8b465ee728b)  -> (artifact id: '4719e7c2261888598a0298f65d2bef31') in 0.013652 seconds 
========================================================================
Received Import Request.
  Time since last request: 0.000310 seconds.
  path: Assets/RPG Food & Drinks Pack/Assets/Textures/WatermelonTexture.png
  artifactKey: Guid(28714306ab24176429133d81432db213) Importer(815301076,1909f56bfc062723c751e8b465ee728b)
Start importing Assets/RPG Food & Drinks Pack/Assets/Textures/WatermelonTexture.png using Guid(28714306ab24176429133d81432db213) Importer(815301076,1909f56bfc062723c751e8b465ee728b)  -> (artifact id: '68b0d77e8884dd38d3ceaa335f66f759') in 0.036882 seconds 
========================================================================
Received Import Request.
  Time since last request: 0.000222 seconds.
  path: Assets/RPG Food & Drinks Pack/Assets/Textures/PotionTexture.png
  artifactKey: Guid(46f0a8b9c7d264b44845fed4540d19f4) Importer(815301076,1909f56bfc062723c751e8b465ee728b)
Start importing Assets/RPG Food & Drinks Pack/Assets/Textures/PotionTexture.png using Guid(46f0a8b9c7d264b44845fed4540d19f4) Importer(815301076,1909f56bfc062723c751e8b465ee728b)  -> (artifact id: '528e09611c6b482d9d38ea570caabfed') in 0.013464 seconds 
========================================================================
Received Import Request.
  Time since last request: 0.000307 seconds.
  path: Assets/RPG Food & Drinks Pack/Assets/Textures/BreadTexture.png
  artifactKey: Guid(1224f2f8d35ad6f46b673c381922fa6e) Importer(815301076,1909f56bfc062723c751e8b465ee728b)
Start importing Assets/RPG Food & Drinks Pack/Assets/Textures/BreadTexture.png using Guid(1224f2f8d35ad6f46b673c381922fa6e) Importer(815301076,1909f56bfc062723c751e8b465ee728b)  -> (artifact id: 'f4fff7321bc9585a8aeaa9e50ac48a80') in 0.023872 seconds 
========================================================================
Received Import Request.
  Time since last request: 0.000280 seconds.
  path: Assets/RPG Food & Drinks Pack/Assets/Textures/CakeTexture.png
  artifactKey: Guid(b5a4fea876d14ce47933c2bd58e43f10) Importer(815301076,1909f56bfc062723c751e8b465ee728b)
Start importing Assets/RPG Food & Drinks Pack/Assets/Textures/CakeTexture.png using Guid(b5a4fea876d14ce47933c2bd58e43f10) Importer(815301076,1909f56bfc062723c751e8b465ee728b)  -> (artifact id: '0960bd52a1fda1542a1c227570cc891f') in 0.020670 seconds 
========================================================================
Received Import Request.
  Time since last request: 0.000206 seconds.
  path: Assets/RPG Food & Drinks Pack/Assets/Textures/SteakTexture.png
  artifactKey: Guid(0d83e862aff90464a9896afbefb5efdf) Importer(815301076,1909f56bfc062723c751e8b465ee728b)
Start importing Assets/RPG Food & Drinks Pack/Assets/Textures/SteakTexture.png using Guid(0d83e862aff90464a9896afbefb5efdf) Importer(815301076,1909f56bfc062723c751e8b465ee728b)  -> (artifact id: '4449f36a97f47b249e418018e3ec7cb8') in 0.015180 seconds 
========================================================================
Received Import Request.
  Time since last request: 0.000310 seconds.
  path: Assets/RPG Food & Drinks Pack/Assets/Textures/PieTexture.png
  artifactKey: Guid(acdf34372ae109a4c97bd7bcdd2bb3ac) Importer(815301076,1909f56bfc062723c751e8b465ee728b)
Start importing Assets/RPG Food & Drinks Pack/Assets/Textures/PieTexture.png using Guid(acdf34372ae109a4c97bd7bcdd2bb3ac) Importer(815301076,1909f56bfc062723c751e8b465ee728b)  -> (artifact id: 'f4ea7af1a63ec6dd5247a8335274863f') in 0.020865 seconds 
========================================================================
Received Import Request.
  Time since last request: 0.000249 seconds.
  path: Assets/RPG Food & Drinks Pack/Assets/Textures/FishTexture.png
  artifactKey: Guid(2e5eada9b391da044bb5b55d8737b484) Importer(815301076,1909f56bfc062723c751e8b465ee728b)
Start importing Assets/RPG Food & Drinks Pack/Assets/Textures/FishTexture.png using Guid(2e5eada9b391da044bb5b55d8737b484) Importer(815301076,1909f56bfc062723c751e8b465ee728b)  -> (artifact id: 'f2e46a962e513c5ad2fc32be35d26651') in 0.021520 seconds 
========================================================================
Received Import Request.
  Time since last request: 12.377301 seconds.
  path: Assets/Prefabs
  artifactKey: Guid(645690185cd62f44cbe678e8977a43ee) Importer(815301076,1909f56bfc062723c751e8b465ee728b)
Start importing Assets/Prefabs using Guid(645690185cd62f44cbe678e8977a43ee) Importer(815301076,1909f56bfc062723c751e8b465ee728b)  -> (artifact id: '4c90f3bff157fe2a1dd7c67d8755e97c') in 0.006710 seconds 
========================================================================
Received Import Request.
  Time since last request: 0.250351 seconds.
  path: Assets/Prefabs/Pouch.prefab
  artifactKey: Guid(3183e655a0fa8ae4b9cb220597138395) Importer(815301076,1909f56bfc062723c751e8b465ee728b)
Start importing Assets/Prefabs/Pouch.prefab using Guid(3183e655a0fa8ae4b9cb220597138395) Importer(815301076,1909f56bfc062723c751e8b465ee728b)  -> (artifact id: '038b588191872b0633a40151b645813a') in 0.010179 seconds 
========================================================================
Received Import Request.
  Time since last request: 38.830095 seconds.
  path: Assets/ExampleAssets/Prefabs
  artifactKey: Guid(82604acad0a5a414f8a866ee8d466621) Importer(815301076,1909f56bfc062723c751e8b465ee728b)
Start importing Assets/ExampleAssets/Prefabs using Guid(82604acad0a5a414f8a866ee8d466621) Importer(815301076,1909f56bfc062723c751e8b465ee728b)  -> (artifact id: '514cf07f071ab4a9dc5a7f3984bcd3aa') in 0.004029 seconds 
========================================================================
Received Import Request.
  Time since last request: 0.059626 seconds.
  path: Assets/ExampleAssets/Prefabs/XRControllerLeft.prefab
  artifactKey: Guid(5b158b94c373d4b4f9e98cdb92789343) Importer(815301076,1909f56bfc062723c751e8b465ee728b)
Start importing Assets/ExampleAssets/Prefabs/XRControllerLeft.prefab using Guid(5b158b94c373d4b4f9e98cdb92789343) Importer(815301076,1909f56bfc062723c751e8b465ee728b)  -> (artifact id: '2d6db2da927b519569e6097db7cc483c') in 0.013893 seconds 
========================================================================
Received Import Request.
  Time since last request: 0.000413 seconds.
  path: Assets/ExampleAssets/Prefabs/XRControllerRight.prefab
  artifactKey: Guid(1f4d373a613d0466fbd8849470265852) Importer(815301076,1909f56bfc062723c751e8b465ee728b)
Start importing Assets/ExampleAssets/Prefabs/XRControllerRight.prefab using Guid(1f4d373a613d0466fbd8849470265852) Importer(815301076,1909f56bfc062723c751e8b465ee728b)  -> (artifact id: '629c3fa7b7eb611a1e12608236f6d006') in 0.026146 seconds 
========================================================================
Received Import Request.
  Time since last request: 1.908263 seconds.
  path: Assets/ExampleAssets/Textures
  artifactKey: Guid(2aab7ef822b354523935cb8a8fdb23fc) Importer(815301076,1909f56bfc062723c751e8b465ee728b)
Start importing Assets/ExampleAssets/Textures using Guid(2aab7ef822b354523935cb8a8fdb23fc) Importer(815301076,1909f56bfc062723c751e8b465ee728b)  -> (artifact id: '306a292b6b2e99ab2c130fe2b4e138db') in 0.004618 seconds 
========================================================================
Received Import Request.
  Time since last request: 1.943624 seconds.
  path: Assets/ExampleAssets/Tutorial
  artifactKey: Guid(4aa865ce879c443d3b970d28b0499121) Importer(815301076,1909f56bfc062723c751e8b465ee728b)
Start importing Assets/ExampleAssets/Tutorial using Guid(4aa865ce879c443d3b970d28b0499121) Importer(815301076,1909f56bfc062723c751e8b465ee728b)  -> (artifact id: '35927754300dc11cab294e98efbffba4') in 0.010058 seconds 
========================================================================
Received Prepare
Registering precompiled user dll's ...
Registered in 0.006468 seconds.
Begin MonoManager ReloadAssembly
Native extension for WindowsStandalone target not found
Refreshing native plugins compatible for Editor in 1.04 ms, found 12 plugins.
Preloading 2 native plugins for Editor in 0.14 ms.
System.Reflection.TargetInvocationException: Exception has been thrown by the target of an invocation. ---> System.NullReferenceException: Object reference not set to an instance of an object
  at Unity.XR.Oculus.OculusLoader.AssetPathToAbsolutePath (System.String assetPath) [0x00048] in C:\Users\Chip\UnityProjects\ProgrammingProject\Library\PackageCache\com.unity.xr.oculus@1.11.2\Runtime\OculusLoader.cs:250 
  at Unity.XR.Oculus.OculusLoader.EditorLoadOVRPlugin () [0x0007b] in C:\Users\Chip\UnityProjects\ProgrammingProject\Library\PackageCache\com.unity.xr.oculus@1.11.2\Runtime\OculusLoader.cs:235 
  at (wrapper managed-to-native) System.Reflection.MonoMethod.InternalInvoke(System.Reflection.MonoMethod,object,object[],System.Exception&)
  at System.Reflection.MonoMethod.Invoke (System.Object obj, System.Reflection.BindingFlags invokeAttr, System.Reflection.Binder binder, System.Object[] parameters, System.Globalization.CultureInfo culture) [0x00032] in <695d1cc93cca45069c528c15c9fdd749>:0 
   --- End of inner exception stack trace ---
  at System.Reflection.MonoMethod.Invoke (System.Object obj, System.Reflection.BindingFlags invokeAttr, System.Reflection.Binder binder, System.Object[] parameters, System.Globalization.CultureInfo culture) [0x00048] in <695d1cc93cca45069c528c15c9fdd749>:0 
  at System.Reflection.MethodBase.Invoke (System.Object obj, System.Object[] parameters) [0x00000] in <695d1cc93cca45069c528c15c9fdd749>:0 
  at UnityEditor.EditorAssemblies.ProcessInitializeOnLoadMethodAttributes () [0x00047] in <68089899e4c84456bfc1de3436accf4a>:0 
UnityEngine.StackTraceUtility:ExtractStackTrace ()
UnityEngine.DebugLogHandler:LogFormat (UnityEngine.LogType,UnityEngine.Object,string,object[])
UnityEngine.Logger:Log (UnityEngine.LogType,object)
UnityEngine.Debug:LogError (object)
UnityEditor.EditorAssemblies:ProcessInitializeOnLoadMethodAttributes ()

Mono: successfully reloaded assembly
- Completed reload, in  1.119 seconds
Domain Reload Profiling:
	ReloadAssembly (1119ms)
		BeginReloadAssembly (133ms)
			ExecutionOrderSort (0ms)
			DisableScriptedObjects (4ms)
			BackupInstance (0ms)
			ReleaseScriptingObjects (0ms)
			CreateAndSetChildDomain (44ms)
		EndReloadAssembly (928ms)
			LoadAssemblies (96ms)
			RebuildTransferFunctionScriptingTraits (0ms)
			SetupTypeCache (342ms)
			ReleaseScriptCaches (1ms)
			RebuildScriptCaches (44ms)
			SetupLoadedEditorAssemblies (340ms)
				LogAssemblyErrors (0ms)
				InitializePlatformSupportModulesInManaged (4ms)
				SetLoadedEditorAssemblies (1ms)
				RefreshPlugins (1ms)
				BeforeProcessingInitializeOnLoad (59ms)
				ProcessInitializeOnLoadAttributes (253ms)
				ProcessInitializeOnLoadMethodAttributes (20ms)
				AfterProcessingInitializeOnLoad (2ms)
				EditorAssembliesLoaded (0ms)
			ExecutionOrderSort2 (0ms)
			AwakeInstancesAfterBackupRestoration (5ms)
Platform modules already initialized, skipping
Refreshing native plugins compatible for Editor in 1.39 ms, found 12 plugins.
Preloading 2 native plugins for Editor in 0.16 ms.
Unloading 2573 Unused Serialized files (Serialized files now loaded: 0)
System memory in use before: 127.6 MB.
System memory in use after: 127.8 MB.

Unloading 16 unused Assets to reduce memory usage. Loaded Objects now: 3123.
Total: 6.004500 ms (FindLiveObjects: 0.419900 ms CreateObjectMapping: 0.206800 ms MarkObjects: 5.337700 ms  DeleteObjects: 0.038600 ms)

AssetImportParameters requested are different than current active one (requested -> active):
  custom:framework-win-MediaFoundation: 216162199b28c13a410421893ffa2e32 -> 
  custom:video-decoder-ogg-theora: a1e56fd34408186e4bbccfd4996cb3dc -> 
  custom:container-muxer-webm: aa71ff27fc2769a1b78a27578f13a17b -> 
  custom:container-demuxer-webm: 4f35f7cbe854078d1ac9338744f61a02 -> 
  custom:container-demuxer-ogg: 62fdf1f143b41e24485cea50d1cbac27 -> 
  custom:video-encoder-webm-vp8: eb34c28f22e8b96e1ab97ce403110664 -> 
  custom:video-decoder-webm-vp8: 9c59270c3fd7afecdb556c50c9e8de78 -> 
  custom:audio-decoder-ogg-vorbis: bf7c407c2cedff20999df2af8eb42d56 -> 
  custom:audio-encoder-webm-vorbis: bf7c407c2cedff20999df2af8eb42d56 -> 
========================================================================
Received Import Request.
  Time since last request: 1136.929672 seconds.
  path: Assets/RPG Food & Drinks Pack/Assets/Materials/Ham.mat
  artifactKey: Guid(f5115a6d4c11b1a43925d7fdf0b40d96) Importer(815301076,1909f56bfc062723c751e8b465ee728b)
Start importing Assets/RPG Food & Drinks Pack/Assets/Materials/Ham.mat using Guid(f5115a6d4c11b1a43925d7fdf0b40d96) Importer(815301076,1909f56bfc062723c751e8b465ee728b)  -> (artifact id: '7b738d7100d435157e3ad66271a0ddd8') in 0.094135 seconds 
AssetImportWorkerClient::OnTransportError - code=2 error=End of file
